<?xml version="1.0" encoding="UTF-8"?>
<testsuite xmlns:xsi="http://www.w3.org/2001/XMLSchema-instance" xsi:noNamespaceSchemaLocation="https://maven.apache.org/surefire/maven-surefire-plugin/xsd/surefire-test-report.xsd" name="GameTest" time="0.068" tests="5" errors="0" skipped="0" failures="0">
  <properties>
    <property name="sun.desktop" value="windows"/>
    <property name="awt.toolkit" value="sun.awt.windows.WToolkit"/>
    <property name="java.specification.version" value="11"/>
    <property name="sun.cpu.isalist" value="amd64"/>
    <property name="sun.jnu.encoding" value="Cp1251"/>
    <property name="java.class.path" value="C:\Users\fzhil\IdeaProjects\Collections\target\test-classes;C:\Users\fzhil\IdeaProjects\Collections\target\classes;C:\Users\fzhil\.m2\repository\org\junit\jupiter\junit-jupiter\5.7.0\junit-jupiter-5.7.0.jar;C:\Users\fzhil\.m2\repository\org\junit\jupiter\junit-jupiter-api\5.7.0\junit-jupiter-api-5.7.0.jar;C:\Users\fzhil\.m2\repository\org\apiguardian\apiguardian-api\1.1.0\apiguardian-api-1.1.0.jar;C:\Users\fzhil\.m2\repository\org\opentest4j\opentest4j\1.2.0\opentest4j-1.2.0.jar;C:\Users\fzhil\.m2\repository\org\junit\platform\junit-platform-commons\1.7.0\junit-platform-commons-1.7.0.jar;C:\Users\fzhil\.m2\repository\org\junit\jupiter\junit-jupiter-params\5.7.0\junit-jupiter-params-5.7.0.jar;C:\Users\fzhil\.m2\repository\org\junit\jupiter\junit-jupiter-engine\5.7.0\junit-jupiter-engine-5.7.0.jar;C:\Users\fzhil\.m2\repository\org\junit\platform\junit-platform-engine\1.7.0\junit-platform-engine-1.7.0.jar;"/>
    <property name="java.vm.vendor" value="Amazon.com Inc."/>
    <property name="sun.arch.data.model" value="64"/>
    <property name="user.variant" value=""/>
    <property name="java.vendor.url" value="https://aws.amazon.com/corretto/"/>
    <property name="user.timezone" value="GMT+03:00"/>
    <property name="java.vm.specification.version" value="11"/>
    <property name="os.name" value="Windows 10"/>
    <property name="sun.java.launcher" value="SUN_STANDARD"/>
    <property name="user.country" value="RU"/>
    <property name="sun.boot.library.path" value="C:\Users\fzhil\.jdks\corretto-11.0.18\bin"/>
    <property name="sun.java.command" value="C:\Users\fzhil\AppData\Local\Temp\surefire5631573511521046152\surefirebooter17954667759078938339.jar C:\Users\fzhil\AppData\Local\Temp\surefire5631573511521046152 2023-02-27T01-19-25_779-jvmRun1 surefire9393034451135998161tmp surefire_011246302603888903727tmp"/>
    <property name="jdk.debug" value="release"/>
    <property name="surefire.test.class.path" value="C:\Users\fzhil\IdeaProjects\Collections\target\test-classes;C:\Users\fzhil\IdeaProjects\Collections\target\classes;C:\Users\fzhil\.m2\repository\org\junit\jupiter\junit-jupiter\5.7.0\junit-jupiter-5.7.0.jar;C:\Users\fzhil\.m2\repository\org\junit\jupiter\junit-jupiter-api\5.7.0\junit-jupiter-api-5.7.0.jar;C:\Users\fzhil\.m2\repository\org\apiguardian\apiguardian-api\1.1.0\apiguardian-api-1.1.0.jar;C:\Users\fzhil\.m2\repository\org\opentest4j\opentest4j\1.2.0\opentest4j-1.2.0.jar;C:\Users\fzhil\.m2\repository\org\junit\platform\junit-platform-commons\1.7.0\junit-platform-commons-1.7.0.jar;C:\Users\fzhil\.m2\repository\org\junit\jupiter\junit-jupiter-params\5.7.0\junit-jupiter-params-5.7.0.jar;C:\Users\fzhil\.m2\repository\org\junit\jupiter\junit-jupiter-engine\5.7.0\junit-jupiter-engine-5.7.0.jar;C:\Users\fzhil\.m2\repository\org\junit\platform\junit-platform-engine\1.7.0\junit-platform-engine-1.7.0.jar;"/>
    <property name="sun.cpu.endian" value="little"/>
    <property name="user.home" value="C:\Users\fzhil"/>
    <property name="user.language" value="ru"/>
    <property name="java.specification.vendor" value="Oracle Corporation"/>
    <property name="java.version.date" value="2023-01-17"/>
    <property name="java.home" value="C:\Users\fzhil\.jdks\corretto-11.0.18"/>
    <property name="file.separator" value="\"/>
    <property name="basedir" value="C:\Users\fzhil\IdeaProjects\Collections"/>
    <property name="java.vm.compressedOopsMode" value="Zero based"/>
    <property name="line.separator" value="&#10;"/>
    <property name="java.specification.name" value="Java Platform API Specification"/>
    <property name="java.vm.specification.vendor" value="Oracle Corporation"/>
    <property name="java.awt.graphicsenv" value="sun.awt.Win32GraphicsEnvironment"/>
    <property name="surefire.real.class.path" value="C:\Users\fzhil\AppData\Local\Temp\surefire5631573511521046152\surefirebooter17954667759078938339.jar"/>
    <property name="user.script" value=""/>
    <property name="sun.management.compiler" value="HotSpot 64-Bit Tiered Compilers"/>
    <property name="java.runtime.version" value="11.0.18+10-LTS"/>
    <property name="user.name" value="fzhil"/>
    <property name="path.separator" value=";"/>
    <property name="os.version" value="10.0"/>
    <property name="java.runtime.name" value="OpenJDK Runtime Environment"/>
    <property name="file.encoding" value="Cp1251"/>
    <property name="java.vm.name" value="OpenJDK 64-Bit Server VM"/>
    <property name="java.vendor.version" value="Corretto-11.0.18.10.1"/>
    <property name="localRepository" value="C:\Users\fzhil\.m2\repository"/>
    <property name="java.vendor.url.bug" value="https://github.com/corretto/corretto-11/issues/"/>
    <property name="java.io.tmpdir" value="C:\Users\fzhil\AppData\Local\Temp\"/>
    <property name="idea.version" value="2022.3.2"/>
    <property name="java.version" value="11.0.18"/>
    <property name="user.dir" value="C:\Users\fzhil\IdeaProjects\Collections"/>
    <property name="os.arch" value="amd64"/>
    <property name="java.vm.specification.name" value="Java Virtual Machine Specification"/>
    <property name="java.awt.printerjob" value="sun.awt.windows.WPrinterJob"/>
    <property name="sun.os.patch.level" value=""/>
    <property name="java.library.path" value="C:\Users\fzhil\.jdks\corretto-11.0.18\bin;C:\windows\Sun\Java\bin;C:\windows\system32;C:\windows;C:\Windows\system32;C:\Windows;C:\Windows\System32\Wbem;C:\Windows\System32\WindowsPowerShell\v1.0\;C:\Windows\System32\OpenSSH\;C:\Program Files (x86)\NVIDIA Corporation\PhysX\Common;C:\Program Files\NVIDIA Corporation\NVIDIA NvDLISR;C:\Program Files\Microsoft SQL Server\130\Tools\Binn\;C:\Program Files\Microsoft SQL Server\Client SDK\ODBC\170\Tools\Binn\;C:\Program Files\PuTTY\;C:\Program Files\Git\cmd;C:\Program Files\dotnet\;C:\Program Files\Microsoft SQL Server\150\Tools\Binn\;C:\Program Files\Docker\Docker\resources\bin;C:\Program Files (x86)\AOMEI\AOMEI Backupper\7.1.0;C:\Program Files\nodejs\;C:\Users\fzhil\.cargo\bin;C:\Users\fzhil\AppData\Local\Microsoft\WindowsApps;C:\Users\fzhil\AppData\Local\Programs\Microsoft VS Code\bin;C:\Users\fzhil\.dotnet\tools;C:\Users\fzhil\AppData\Local\Programs\Fiddler;C:\Users\fzhil\Documents\CurrentProjects\BelkaBEC\CloudFixes;C:\Program Files (x86)\ClockworkMod\Universal Adb Driver;C:\Program Files\wkhtmltopdf;C:\Users\fzhil\.dotnet\tools;C:\Users\fzhil\Documents\ffmpeg\bin\ffmpeg.exe;C:\Users\fzhil\Documents\ffmpeg\bin\ffprobe.exe;C:\Users\fzhil\Documents\ffmpeg\bin\ffplay.exe;C:\Users\fzhil\yandex-cloud\bin;C:\Users\fzhil\Documents\ffmpeg\bin;C:\Users\fzhil\AppData\Local\Google\Cloud SDK\google-cloud-sdk\bin;C:\Users\fzhil\AppData\Roaming\npm;C:\Program Files\heroku\bin;."/>
    <property name="java.vm.info" value="mixed mode"/>
    <property name="java.vendor" value="Amazon.com Inc."/>
    <property name="java.vm.version" value="11.0.18+10-LTS"/>
    <property name="sun.io.unicode.encoding" value="UnicodeLittle"/>
    <property name="java.class.version" value="55.0"/>
  </properties>
  <testcase name="testRound" classname="GameTest" time="0.036"/>
  <testcase name="testFindByName" classname="GameTest" time="0.004"/>
  <testcase name="testRoundWithNotRegisteredException" classname="GameTest" time="0.005"/>
  <testcase name="testRegister" classname="GameTest" time="0.005"/>
  <testcase name="testIsRegistered" classname="GameTest" time="0.002"/>
</testsuite>